TN:
SF:/home/mmi16389/Documents/PROJECT-PROGRAMMING/public/github/ds-gui-admin/src/App.vue
FN:45,(anonymous_8)
FNF:1
FNH:0
FNDA:0,(anonymous_8)
DA:29,0
DA:30,0
DA:32,0
DA:35,0
DA:45,0
DA:49,0
DA:63,0
LF:7
LH:0
BRF:0
BRH:0
end_of_record
TN:
SF:/home/mmi16389/Documents/PROJECT-PROGRAMMING/public/github/ds-gui-admin/src/components/Links/Links.vue
FN:42,(anonymous_8)
FNF:1
FNH:0
FNDA:0,(anonymous_8)
DA:24,0
DA:25,0
DA:27,0
DA:42,0
LF:4
LH:0
BRF:0
BRH:0
end_of_record
TN:
SF:/home/mmi16389/Documents/PROJECT-PROGRAMMING/public/github/ds-gui-admin/src/components/Links/index.ts
FNF:0
FNH:0
DA:1,0
DA:3,0
LF:2
LH:0
BRF:0
BRH:0
end_of_record
TN:
SF:/home/mmi16389/Documents/PROJECT-PROGRAMMING/public/github/ds-gui-admin/src/components/global/index.ts
FN:8,register
FN:9,(anonymous_2)
FNF:2
FNH:2
FNDA:1,register
FNDA:6,(anonymous_2)
DA:9,1
DA:10,6
DA:15,1
DA:17,1
DA:18,1
DA:19,1
DA:20,1
DA:21,1
DA:30,1
LF:9
LH:9
BRF:0
BRH:0
end_of_record
TN:
SF:/home/mmi16389/Documents/PROJECT-PROGRAMMING/public/github/ds-gui-admin/src/components/global/ErrorPage/ErrorPage.vue
FN:73,(anonymous_8)
FN:80,(anonymous_9)
FNF:2
FNH:1
FNDA:0,(anonymous_8)
FNDA:1,(anonymous_9)
DA:43,1
DA:44,1
DA:46,1
DA:48,1
DA:73,0
DA:80,2
DA:81,0
DA:82,1
LF:8
LH:6
BRDA:80,0,0,0
BRDA:80,0,1,0
BRDA:80,0,2,0
BRF:3
BRH:0
end_of_record
TN:
SF:/home/mmi16389/Documents/PROJECT-PROGRAMMING/public/github/ds-gui-admin/src/components/global/ErrorPage/index.ts
FNF:0
FNH:0
DA:1,1
DA:3,1
LF:2
LH:2
BRF:0
BRH:0
end_of_record
TN:
SF:/home/mmi16389/Documents/PROJECT-PROGRAMMING/public/github/ds-gui-admin/src/components/global/FormBuilder/CostumerForm.vue
FN:70,(anonymous_8)
FN:76,(anonymous_10)
FN:77,(anonymous_11)
FN:81,(anonymous_12)
FN:82,(anonymous_13)
FN:86,(anonymous_14)
FN:97,(anonymous_15)
FN:108,(anonymous_16)
FN:114,(anonymous_17)
FN:120,(anonymous_18)
FN:124,(anonymous_19)
FNF:11
FNH:1
FNDA:1,(anonymous_8)
FNDA:0,(anonymous_10)
FNDA:0,(anonymous_11)
FNDA:0,(anonymous_12)
FNDA:0,(anonymous_13)
FNDA:0,(anonymous_14)
FNDA:0,(anonymous_15)
FNDA:0,(anonymous_16)
FNDA:0,(anonymous_17)
FNDA:0,(anonymous_18)
FNDA:0,(anonymous_19)
DA:46,1
DA:47,1
DA:50,1
DA:70,1
DA:75,0
DA:76,0
DA:77,0
DA:78,0
DA:81,0
DA:82,0
DA:83,0
DA:86,1
DA:87,0
DA:89,0
DA:90,0
DA:92,0
DA:93,0
DA:97,1
DA:98,0
DA:100,0
DA:101,0
DA:103,0
DA:104,0
DA:108,1
DA:109,0
DA:110,0
DA:114,1
DA:115,0
DA:116,0
DA:120,1
DA:121,0
DA:124,1
DA:125,0
DA:127,1
LF:34
LH:11
BRDA:70,0,0,0
BRDA:70,0,1,0
BRDA:70,0,2,0
BRDA:77,1,0,0
BRDA:77,1,1,0
BRDA:78,2,0,0
BRDA:78,2,1,0
BRDA:78,2,2,0
BRDA:82,3,0,0
BRDA:82,3,1,0
BRDA:83,4,0,0
BRDA:83,4,1,0
BRDA:88,5,0,0
BRDA:88,5,1,0
BRDA:99,6,0,0
BRDA:99,6,1,0
BRDA:109,7,0,0
BRDA:109,7,1,0
BRDA:115,8,0,0
BRDA:115,8,1,0
BRF:20
BRH:0
end_of_record
TN:
SF:/home/mmi16389/Documents/PROJECT-PROGRAMMING/public/github/ds-gui-admin/src/components/global/FormBuilder/DocSection.vue
FN:53,(anonymous_8)
FNF:1
FNH:1
FNDA:1,(anonymous_8)
DA:28,1
DA:29,1
DA:31,1
DA:53,4
LF:4
LH:4
BRF:0
BRH:0
end_of_record
TN:
SF:/home/mmi16389/Documents/PROJECT-PROGRAMMING/public/github/ds-gui-admin/src/components/global/FormBuilder/FormBuilderTest.vue
FN:48,(anonymous_8)
FN:53,(anonymous_10)
FN:64,(anonymous_11)
FN:75,(anonymous_12)
FN:79,(anonymous_13)
FN:83,(anonymous_14)
FN:87,(anonymous_15)
FNF:7
FNH:1
FNDA:1,(anonymous_8)
FNDA:0,(anonymous_10)
FNDA:0,(anonymous_11)
FNDA:0,(anonymous_12)
FNDA:0,(anonymous_13)
FNDA:0,(anonymous_14)
FNDA:0,(anonymous_15)
DA:34,1
DA:35,1
DA:36,1
DA:37,1
DA:39,1
DA:48,2
DA:49,0
DA:50,0
DA:51,0
DA:53,1
DA:54,0
DA:56,0
DA:57,0
DA:59,0
DA:60,0
DA:64,1
DA:65,0
DA:67,0
DA:68,0
DA:70,0
DA:71,0
DA:75,1
DA:76,0
DA:79,1
DA:83,1
DA:87,1
DA:90,1
LF:27
LH:13
BRDA:48,0,0,0
BRDA:48,0,1,0
BRDA:48,0,2,0
BRDA:55,1,0,0
BRDA:55,1,1,0
BRDA:66,2,0,0
BRDA:66,2,1,0
BRF:7
BRH:0
end_of_record
TN:
SF:/home/mmi16389/Documents/PROJECT-PROGRAMMING/public/github/ds-gui-admin/src/components/global/FormBuilder/index.ts
FNF:0
FNH:0
DA:1,1
DA:2,1
DA:3,1
DA:5,1
DA:6,1
DA:7,1
LF:6
LH:6
BRF:0
BRH:0
end_of_record
TN:
SF:/home/mmi16389/Documents/PROJECT-PROGRAMMING/public/github/ds-gui-admin/src/components/global/FormBuilder/datas/addressForm.ts
FNF:0
FNH:0
DA:3,1
DA:18,1
LF:2
LH:2
BRF:0
BRH:0
end_of_record
TN:
SF:/home/mmi16389/Documents/PROJECT-PROGRAMMING/public/github/ds-gui-admin/src/components/global/FormBuilder/datas/questionForm.ts
FNF:0
FNH:0
DA:3,1
LF:1
LH:1
BRF:0
BRH:0
end_of_record
TN:
SF:/home/mmi16389/Documents/PROJECT-PROGRAMMING/public/github/ds-gui-admin/src/components/layout/AppFooter.vue
FN:25,(anonymous_8)
FNF:1
FNH:0
FNDA:0,(anonymous_8)
DA:20,0
DA:21,0
DA:25,0
DA:26,0
DA:27,0
LF:5
LH:0
BRDA:25,0,0,0
BRDA:25,0,1,0
BRDA:25,0,2,0
BRF:3
BRH:0
end_of_record
TN:
SF:/home/mmi16389/Documents/PROJECT-PROGRAMMING/public/github/ds-gui-admin/src/components/layout/AppHeader.vue
FN:47,(anonymous_8)
FNF:1
FNH:0
FNDA:0,(anonymous_8)
DA:34,0
DA:35,0
DA:37,0
DA:47,0
DA:48,0
DA:49,0
DA:51,0
LF:7
LH:0
BRF:0
BRH:0
end_of_record
TN:
SF:/home/mmi16389/Documents/PROJECT-PROGRAMMING/public/github/ds-gui-admin/src/components/layout/AppToolbar.vue
FN:39,(anonymous_8)
FNF:1
FNH:0
FNDA:0,(anonymous_8)
DA:25,0
DA:26,0
DA:39,0
DA:40,0
DA:41,0
DA:44,0
DA:45,0
DA:47,0
LF:8
LH:0
BRF:0
BRH:0
end_of_record
TN:
SF:/home/mmi16389/Documents/PROJECT-PROGRAMMING/public/github/ds-gui-admin/src/components/layout/HeaderMenu.vue
FN:85,(anonymous_8)
FNF:1
FNH:0
FNDA:0,(anonymous_8)
DA:68,0
DA:69,0
DA:75,0
DA:85,0
DA:87,0
DA:88,0
DA:90,0
DA:91,0
DA:93,0
LF:9
LH:0
BRDA:85,0,0,0
BRDA:85,0,1,0
BRDA:85,0,2,0
BRF:3
BRH:0
end_of_record
TN:
SF:/home/mmi16389/Documents/PROJECT-PROGRAMMING/public/github/ds-gui-admin/src/components/layout/index.ts
FNF:0
FNH:0
DA:1,0
DA:2,0
DA:3,0
DA:6,0
DA:7,0
DA:8,0
LF:6
LH:0
BRF:0
BRH:0
end_of_record
TN:
SF:/home/mmi16389/Documents/PROJECT-PROGRAMMING/public/github/ds-gui-admin/src/components/workflow-costumer/Costumers.vue
FN:57,(anonymous_8)
FN:77,(anonymous_10)
FN:84,(anonymous_11)
FN:99,(anonymous_14)
FN:103,(anonymous_15)
FN:108,(anonymous_16)
FN:109,(anonymous_17)
FNF:7
FNH:0
FNDA:0,(anonymous_8)
FNDA:0,(anonymous_10)
FNDA:0,(anonymous_11)
FNDA:0,(anonymous_14)
FNDA:0,(anonymous_15)
FNDA:0,(anonymous_16)
FNDA:0,(anonymous_17)
DA:46,0
DA:47,0
DA:52,0
DA:57,0
DA:65,0
DA:66,0
DA:67,0
DA:69,0
DA:70,0
DA:71,0
DA:72,0
DA:73,0
DA:78,0
DA:85,0
DA:90,0
DA:91,0
DA:92,0
DA:95,0
DA:96,0
DA:99,0
DA:100,0
DA:103,0
DA:104,0
DA:105,0
DA:108,0
DA:109,0
DA:110,0
DA:111,0
DA:114,0
LF:29
LH:0
BRDA:57,0,0,0
BRDA:57,0,1,0
BRDA:57,0,2,0
BRF:3
BRH:0
end_of_record
TN:
SF:/home/mmi16389/Documents/PROJECT-PROGRAMMING/public/github/ds-gui-admin/src/components/workflow-costumer/CostumersDetails.vue
FN:41,(anonymous_8)
FN:44,(anonymous_10)
FNF:2
FNH:0
FNDA:0,(anonymous_8)
FNDA:0,(anonymous_10)
DA:37,0
DA:38,0
DA:41,0
DA:42,0
DA:44,0
DA:45,0
DA:46,0
DA:48,0
LF:8
LH:0
BRDA:41,0,0,0
BRDA:41,0,1,0
BRDA:41,0,2,0
BRF:3
BRH:0
end_of_record
TN:
SF:/home/mmi16389/Documents/PROJECT-PROGRAMMING/public/github/ds-gui-admin/src/components/workflow-costumer/CostumersNew.vue
FN:32,(anonymous_8)
FN:45,(anonymous_10)
FN:52,(anonymous_11)
FNF:3
FNH:0
FNDA:0,(anonymous_8)
FNDA:0,(anonymous_10)
FNDA:0,(anonymous_11)
DA:26,0
DA:27,0
DA:32,0
DA:40,0
DA:41,0
DA:46,0
DA:53,0
DA:57,0
LF:8
LH:0
BRDA:32,0,0,0
BRDA:32,0,1,0
BRDA:32,0,2,0
BRF:3
BRH:0
end_of_record
TN:
SF:/home/mmi16389/Documents/PROJECT-PROGRAMMING/public/github/ds-gui-admin/src/components/workflow-costumer/index.ts
FNF:0
FNH:0
DA:1,0
DA:2,0
DA:3,0
DA:6,0
DA:7,0
DA:8,0
LF:6
LH:0
BRF:0
BRH:0
end_of_record
TN:
SF:/home/mmi16389/Documents/PROJECT-PROGRAMMING/public/github/ds-gui-admin/src/directives/costumers-form.directives.ts
FN:5,(anonymous_1)
FNF:1
FNH:0
FNDA:0,(anonymous_1)
DA:1,0
DA:5,0
DA:6,0
LF:3
LH:0
BRF:0
BRH:0
end_of_record
TN:
SF:/home/mmi16389/Documents/PROJECT-PROGRAMMING/public/github/ds-gui-admin/src/directives/index.ts
FNF:0
FNH:0
DA:1,0
DA:4,0
LF:2
LH:0
BRF:0
BRH:0
end_of_record
TN:
SF:/home/mmi16389/Documents/PROJECT-PROGRAMMING/public/github/ds-gui-admin/src/elements/DialogBox/DialogBox.vue
FN:93,(anonymous_8)
FN:100,(anonymous_9)
FN:110,(anonymous_10)
FN:116,(anonymous_12)
FNF:4
FNH:1
FNDA:0,(anonymous_8)
FNDA:0,(anonymous_9)
FNDA:1,(anonymous_10)
FNDA:0,(anonymous_12)
DA:64,1
DA:65,1
DA:66,1
DA:70,1
DA:93,0
DA:100,0
DA:110,1
DA:111,0
DA:112,0
DA:116,1
DA:117,0
DA:119,1
LF:12
LH:7
BRDA:110,0,0,0
BRDA:110,0,1,0
BRDA:110,0,2,0
BRF:3
BRH:0
end_of_record
TN:
SF:/home/mmi16389/Documents/PROJECT-PROGRAMMING/public/github/ds-gui-admin/src/elements/ListButtonAction/ListButtonAction.vue
FN:35,(anonymous_8)
FN:45,(anonymous_11)
FN:55,(anonymous_12)
FNF:3
FNH:1
FNDA:2,(anonymous_8)
FNDA:0,(anonymous_11)
FNDA:0,(anonymous_12)
DA:15,1
DA:16,1
DA:19,1
DA:35,3
DA:37,1
DA:44,2
DA:45,1
DA:46,0
DA:55,1
DA:56,0
DA:57,0
DA:58,0
DA:60,0
DA:62,0
DA:64,1
LF:15
LH:9
BRDA:35,0,0,1
BRDA:35,0,1,1
BRDA:35,0,2,1
BRDA:57,1,0,0
BRDA:57,1,1,0
BRF:5
BRH:3
end_of_record
TN:
SF:/home/mmi16389/Documents/PROJECT-PROGRAMMING/public/github/ds-gui-admin/src/mixins/costumers.mixins.ts
FN:10,allCostumers
FN:12,(anonymous_2)
FNF:2
FNH:0
FNDA:0,allCostumers
FNDA:0,(anonymous_2)
DA:2,0
DA:3,0
DA:4,0
DA:5,0
DA:10,0
DA:11,0
DA:12,0
DA:13,0
DA:14,0
LF:9
LH:0
BRF:0
BRH:0
end_of_record
TN:
SF:/home/mmi16389/Documents/PROJECT-PROGRAMMING/public/github/ds-gui-admin/src/views/About.vue
FN:55,(anonymous_8)
FN:49,(anonymous_11)
FNF:2
FNH:0
FNDA:0,(anonymous_8)
FNDA:0,(anonymous_11)
DA:32,0
DA:33,0
DA:35,0
DA:39,0
DA:49,0
DA:55,0
DA:56,0
DA:58,0
DA:59,0
DA:64,0
DA:75,0
LF:11
LH:0
BRDA:55,0,0,0
BRDA:55,0,1,0
BRDA:55,0,2,0
BRF:3
BRH:0
end_of_record
TN:
SF:/home/mmi16389/Documents/PROJECT-PROGRAMMING/public/github/ds-gui-admin/src/views/CostumersView.vue
FN:18,(anonymous_8)
FNF:1
FNH:0
FNDA:0,(anonymous_8)
DA:8,0
DA:9,0
DA:10,0
DA:18,0
LF:4
LH:0
BRF:0
BRH:0
end_of_record
TN:
SF:/home/mmi16389/Documents/PROJECT-PROGRAMMING/public/github/ds-gui-admin/src/views/Home.vue
FN:48,(anonymous_8)
FNF:1
FNH:0
FNDA:0,(anonymous_8)
DA:31,0
DA:32,0
DA:34,0
DA:36,0
DA:40,0
DA:48,0
DA:60,0
DA:71,0
LF:8
LH:0
BRF:0
BRH:0
end_of_record
TN:
SF:/home/mmi16389/Documents/PROJECT-PROGRAMMING/public/github/ds-gui-admin/src/views/Maintenance.vue
FN:21,(anonymous_8)
FNF:1
FNH:0
FNDA:0,(anonymous_8)
DA:10,0
DA:11,0
DA:13,0
DA:21,0
DA:22,0
DA:24,0
DA:33,0
DA:44,0
LF:8
LH:0
BRDA:25,0,0,0
BRDA:25,0,1,0
BRDA:26,1,0,0
BRDA:26,1,1,0
BRDA:27,2,0,0
BRDA:27,2,1,0
BRF:6
BRH:0
end_of_record
TN:
SF:/home/mmi16389/Documents/PROJECT-PROGRAMMING/public/github/ds-gui-admin/src/views/NotFound.vue
FN:18,(anonymous_8)
FNF:1
FNH:0
FNDA:0,(anonymous_8)
DA:11,0
DA:12,0
DA:14,0
DA:18,0
DA:21,0
DA:32,0
LF:6
LH:0
BRF:0
BRH:0
end_of_record
