TN:
SF:/home/mmi16389/Documents/PROJECT-PROGRAMMING/public/gui-manager/src/App.vue
FN:45,(anonymous_8)
FNF:1
FNH:1
FNDA:2,(anonymous_8)
DA:29,1
DA:30,1
DA:32,1
DA:35,1
DA:45,1
DA:49,1
DA:63,1
LF:7
LH:7
BRF:0
BRH:0
end_of_record
TN:
SF:/home/mmi16389/Documents/PROJECT-PROGRAMMING/public/gui-manager/src/components/Links/Links.vue
FN:42,(anonymous_8)
FNF:1
FNH:1
FNDA:4,(anonymous_8)
DA:24,2
DA:25,2
DA:27,2
DA:42,8
LF:4
LH:4
BRF:0
BRH:0
end_of_record
TN:
SF:/home/mmi16389/Documents/PROJECT-PROGRAMMING/public/gui-manager/src/components/Links/index.ts
FNF:0
FNH:0
DA:1,2
DA:3,2
LF:2
LH:2
BRF:0
BRH:0
end_of_record
TN:
SF:/home/mmi16389/Documents/PROJECT-PROGRAMMING/public/gui-manager/src/components/global/index.ts
FN:8,register
FN:9,(anonymous_2)
FNF:2
FNH:2
FNDA:11,register
FNDA:11,(anonymous_2)
DA:9,11
DA:10,11
DA:15,11
DA:17,11
DA:19,11
DA:23,11
LF:6
LH:6
BRF:0
BRH:0
end_of_record
TN:
SF:/home/mmi16389/Documents/PROJECT-PROGRAMMING/public/gui-manager/src/components/global/ErrorPage/ErrorPage.vue
FN:73,(anonymous_8)
FN:80,(anonymous_9)
FNF:2
FNH:2
FNDA:3,(anonymous_8)
FNDA:12,(anonymous_9)
DA:43,11
DA:44,11
DA:46,11
DA:48,11
DA:73,3
DA:80,23
DA:81,1
DA:82,11
LF:8
LH:8
BRDA:80,0,0,1
BRDA:80,0,1,1
BRDA:80,0,2,1
BRF:3
BRH:3
end_of_record
TN:
SF:/home/mmi16389/Documents/PROJECT-PROGRAMMING/public/gui-manager/src/components/global/ErrorPage/index.ts
FNF:0
FNH:0
DA:1,11
DA:3,11
LF:2
LH:2
BRF:0
BRH:0
end_of_record
TN:
SF:/home/mmi16389/Documents/PROJECT-PROGRAMMING/public/gui-manager/src/components/layout/AppFooter.vue
FN:25,(anonymous_8)
FNF:1
FNH:1
FNDA:3,(anonymous_8)
DA:20,2
DA:21,2
DA:25,5
DA:26,1
DA:27,2
LF:5
LH:5
BRDA:25,0,0,1
BRDA:25,0,1,1
BRDA:25,0,2,1
BRF:3
BRH:3
end_of_record
TN:
SF:/home/mmi16389/Documents/PROJECT-PROGRAMMING/public/gui-manager/src/components/layout/AppHeader.vue
FN:47,(anonymous_8)
FNF:1
FNH:1
FNDA:3,(anonymous_8)
DA:34,2
DA:35,2
DA:37,2
DA:47,2
DA:48,2
DA:49,1
DA:51,2
LF:7
LH:7
BRF:0
BRH:0
end_of_record
TN:
SF:/home/mmi16389/Documents/PROJECT-PROGRAMMING/public/gui-manager/src/components/layout/AppToolbar.vue
FN:39,(anonymous_8)
FNF:1
FNH:1
FNDA:3,(anonymous_8)
DA:25,2
DA:26,2
DA:39,4
DA:40,2
DA:41,1
DA:44,2
DA:45,1
DA:47,2
LF:8
LH:8
BRF:0
BRH:0
end_of_record
TN:
SF:/home/mmi16389/Documents/PROJECT-PROGRAMMING/public/gui-manager/src/components/layout/HeaderMenu.vue
FN:85,(anonymous_8)
FNF:1
FNH:1
FNDA:4,(anonymous_8)
DA:68,3
DA:69,3
DA:75,3
DA:85,7
DA:87,1
DA:88,1
DA:90,3
DA:91,1
DA:93,3
LF:9
LH:9
BRDA:85,0,0,1
BRDA:85,0,1,1
BRDA:85,0,2,1
BRF:3
BRH:3
end_of_record
TN:
SF:/home/mmi16389/Documents/PROJECT-PROGRAMMING/public/gui-manager/src/components/layout/index.ts
FNF:0
FNH:0
DA:1,1
DA:2,1
DA:3,1
DA:6,1
DA:7,1
DA:8,1
LF:6
LH:6
BRF:0
BRH:0
end_of_record
TN:
SF:/home/mmi16389/Documents/PROJECT-PROGRAMMING/public/gui-manager/src/components/workflow-admin/Costumers.vue
FN:32,(anonymous_8)
FNF:1
FNH:0
FNDA:0,(anonymous_8)
DA:16,0
DA:17,0
DA:19,0
DA:32,0
LF:4
LH:0
BRF:0
BRH:0
end_of_record
TN:
SF:/home/mmi16389/Documents/PROJECT-PROGRAMMING/public/gui-manager/src/views/About.vue
FN:55,(anonymous_8)
FN:49,(anonymous_11)
FNF:2
FNH:2
FNDA:2,(anonymous_8)
FNDA:2,(anonymous_11)
DA:32,1
DA:33,1
DA:35,1
DA:39,1
DA:49,2
DA:55,2
DA:56,1
DA:58,1
DA:59,1
DA:64,1
DA:75,1
LF:11
LH:11
BRDA:55,0,0,1
BRDA:55,0,1,1
BRDA:55,0,2,1
BRF:3
BRH:3
end_of_record
TN:
SF:/home/mmi16389/Documents/PROJECT-PROGRAMMING/public/gui-manager/src/views/CostumersView.vue
FN:11,(anonymous_8)
FN:25,(anonymous_10)
FN:26,(anonymous_11)
FNF:3
FNH:0
FNDA:0,(anonymous_8)
FNDA:0,(anonymous_10)
FNDA:0,(anonymous_11)
DA:7,0
DA:8,0
DA:11,0
DA:12,0
DA:24,0
DA:25,0
DA:26,0
DA:27,0
DA:30,0
LF:9
LH:0
BRDA:11,0,0,0
BRDA:11,0,1,0
BRDA:11,0,2,0
BRF:3
BRH:0
end_of_record
TN:
SF:/home/mmi16389/Documents/PROJECT-PROGRAMMING/public/gui-manager/src/views/Home.vue
FN:48,(anonymous_8)
FNF:1
FNH:1
FNDA:2,(anonymous_8)
DA:31,1
DA:32,1
DA:34,1
DA:36,1
DA:40,1
DA:48,1
DA:60,1
DA:71,1
LF:8
LH:8
BRF:0
BRH:0
end_of_record
TN:
SF:/home/mmi16389/Documents/PROJECT-PROGRAMMING/public/gui-manager/src/views/Maintenance.vue
FN:21,(anonymous_8)
FNF:1
FNH:1
FNDA:2,(anonymous_8)
DA:10,1
DA:11,1
DA:13,1
DA:21,2
DA:22,1
DA:24,1
DA:33,1
DA:44,1
LF:8
LH:8
BRDA:25,0,0,1
BRDA:25,0,1,1
BRDA:26,1,0,1
BRDA:26,1,1,1
BRDA:27,2,0,1
BRDA:27,2,1,1
BRF:6
BRH:6
end_of_record
TN:
SF:/home/mmi16389/Documents/PROJECT-PROGRAMMING/public/gui-manager/src/views/NotFound.vue
FN:18,(anonymous_8)
FNF:1
FNH:1
FNDA:2,(anonymous_8)
DA:11,1
DA:12,1
DA:14,1
DA:18,2
DA:21,1
DA:32,1
LF:6
LH:6
BRF:0
BRH:0
end_of_record
